C:\Program Files (x86)\Microsoft Visual Studio\2019\Community\MSBuild\Microsoft\VC\v160\Microsoft.CppBuild.targets(452,5): warning MSB8028: The intermediate directory (Debug\) contains files shared from another project (TemplateSFML.vcxproj, TestArcher.vcxproj).  This can lead to incorrect clean and rebuild behavior.
Game.obj : error LNK2019: symbole externe non résolu "__declspec(dllimport) public: virtual __thiscall sf::Sound::~Sound(void)" (__imp_??1Sound@sf@@UAE@XZ) référencé dans la fonction "public: __thiscall Player::~Player(void)" (??1Player@@QAE@XZ)
Grenade.obj : error LNK2001: symbole externe non résolu "__declspec(dllimport) public: virtual __thiscall sf::Sound::~Sound(void)" (__imp_??1Sound@sf@@UAE@XZ)
Player.obj : error LNK2001: symbole externe non résolu "__declspec(dllimport) public: virtual __thiscall sf::Sound::~Sound(void)" (__imp_??1Sound@sf@@UAE@XZ)
GeometryShooter.obj : error LNK2001: symbole externe non résolu "__declspec(dllimport) public: virtual __thiscall sf::Sound::~Sound(void)" (__imp_??1Sound@sf@@UAE@XZ)
Game.obj : error LNK2019: symbole externe non résolu "__declspec(dllimport) public: __thiscall sf::SoundBuffer::~SoundBuffer(void)" (__imp_??1SoundBuffer@sf@@QAE@XZ) référencé dans la fonction "public: __thiscall Player::~Player(void)" (??1Player@@QAE@XZ)
Grenade.obj : error LNK2001: symbole externe non résolu "__declspec(dllimport) public: __thiscall sf::SoundBuffer::~SoundBuffer(void)" (__imp_??1SoundBuffer@sf@@QAE@XZ)
Player.obj : error LNK2001: symbole externe non résolu "__declspec(dllimport) public: __thiscall sf::SoundBuffer::~SoundBuffer(void)" (__imp_??1SoundBuffer@sf@@QAE@XZ)
GeometryShooter.obj : error LNK2001: symbole externe non résolu "__declspec(dllimport) public: __thiscall sf::SoundBuffer::~SoundBuffer(void)" (__imp_??1SoundBuffer@sf@@QAE@XZ)
Grenade.obj : error LNK2019: symbole externe non résolu "__declspec(dllimport) public: void __thiscall sf::SoundSource::setVolume(float)" (__imp_?setVolume@SoundSource@sf@@QAEXM@Z) référencé dans la fonction "public: virtual void __thiscall Grenade::SetExplosionSettings(void)" (?SetExplosionSettings@Grenade@@UAEXXZ)
Player.obj : error LNK2001: symbole externe non résolu "__declspec(dllimport) public: void __thiscall sf::SoundSource::setVolume(float)" (__imp_?setVolume@SoundSource@sf@@QAEXM@Z)
GeometryShooter.obj : error LNK2001: symbole externe non résolu "__declspec(dllimport) public: void __thiscall sf::SoundSource::setVolume(float)" (__imp_?setVolume@SoundSource@sf@@QAEXM@Z)
Grenade.obj : error LNK2019: symbole externe non résolu "__declspec(dllimport) public: __thiscall sf::Sound::Sound(void)" (__imp_??0Sound@sf@@QAE@XZ) référencé dans la fonction "public: __thiscall Grenade::Grenade(class sf::Vector2<float>,class sf::Vector2<float>,enum PROJECTILE_OF,class sf::Color)" (??0Grenade@@QAE@V?$Vector2@M@sf@@0W4PROJECTILE_OF@@VColor@2@@Z)
Player.obj : error LNK2001: symbole externe non résolu "__declspec(dllimport) public: __thiscall sf::Sound::Sound(void)" (__imp_??0Sound@sf@@QAE@XZ)
GeometryShooter.obj : error LNK2001: symbole externe non résolu "__declspec(dllimport) public: __thiscall sf::Sound::Sound(void)" (__imp_??0Sound@sf@@QAE@XZ)
Grenade.obj : error LNK2019: symbole externe non résolu "__declspec(dllimport) public: void __thiscall sf::Sound::setBuffer(class sf::SoundBuffer const &)" (__imp_?setBuffer@Sound@sf@@QAEXABVSoundBuffer@2@@Z) référencé dans la fonction "public: virtual void __thiscall Grenade::SetExplosionSettings(void)" (?SetExplosionSettings@Grenade@@UAEXXZ)
Player.obj : error LNK2001: symbole externe non résolu "__declspec(dllimport) public: void __thiscall sf::Sound::setBuffer(class sf::SoundBuffer const &)" (__imp_?setBuffer@Sound@sf@@QAEXABVSoundBuffer@2@@Z)
GeometryShooter.obj : error LNK2001: symbole externe non résolu "__declspec(dllimport) public: void __thiscall sf::Sound::setBuffer(class sf::SoundBuffer const &)" (__imp_?setBuffer@Sound@sf@@QAEXABVSoundBuffer@2@@Z)
Grenade.obj : error LNK2019: symbole externe non résolu "__declspec(dllimport) public: __thiscall sf::SoundBuffer::SoundBuffer(void)" (__imp_??0SoundBuffer@sf@@QAE@XZ) référencé dans la fonction "public: __thiscall Grenade::Grenade(class sf::Vector2<float>,class sf::Vector2<float>,enum PROJECTILE_OF,class sf::Color)" (??0Grenade@@QAE@V?$Vector2@M@sf@@0W4PROJECTILE_OF@@VColor@2@@Z)
Player.obj : error LNK2001: symbole externe non résolu "__declspec(dllimport) public: __thiscall sf::SoundBuffer::SoundBuffer(void)" (__imp_??0SoundBuffer@sf@@QAE@XZ)
GeometryShooter.obj : error LNK2001: symbole externe non résolu "__declspec(dllimport) public: __thiscall sf::SoundBuffer::SoundBuffer(void)" (__imp_??0SoundBuffer@sf@@QAE@XZ)
Grenade.obj : error LNK2019: symbole externe non résolu "__declspec(dllimport) public: bool __thiscall sf::SoundBuffer::loadFromFile(class std::basic_string<char,struct std::char_traits<char>,class std::allocator<char> > const &)" (__imp_?loadFromFile@SoundBuffer@sf@@QAE_NABV?$basic_string@DU?$char_traits@D@std@@V?$allocator@D@2@@std@@@Z) référencé dans la fonction "public: virtual void __thiscall Grenade::SetExplosionSettings(void)" (?SetExplosionSettings@Grenade@@UAEXXZ)
Player.obj : error LNK2001: symbole externe non résolu "__declspec(dllimport) public: bool __thiscall sf::SoundBuffer::loadFromFile(class std::basic_string<char,struct std::char_traits<char>,class std::allocator<char> > const &)" (__imp_?loadFromFile@SoundBuffer@sf@@QAE_NABV?$basic_string@DU?$char_traits@D@std@@V?$allocator@D@2@@std@@@Z)
GeometryShooter.obj : error LNK2001: symbole externe non résolu "__declspec(dllimport) public: bool __thiscall sf::SoundBuffer::loadFromFile(class std::basic_string<char,struct std::char_traits<char>,class std::allocator<char> > const &)" (__imp_?loadFromFile@SoundBuffer@sf@@QAE_NABV?$basic_string@DU?$char_traits@D@std@@V?$allocator@D@2@@std@@@Z)
    Conseil sur les symboles définis et susceptibles de correspondre :
      "__declspec(dllimport) public: bool __thiscall sf::Font::loadFromFile(class std::basic_string<char,struct std::char_traits<char>,class std::allocator<char> > const &)" (__imp_?loadFromFile@Font@sf@@QAE_NABV?$basic_string@DU?$char_traits@D@std@@V?$allocator@D@2@@std@@@Z)
GeometryShooter.obj : error LNK2019: symbole externe non résolu "__declspec(dllimport) public: void __thiscall sf::SoundSource::setPitch(float)" (__imp_?setPitch@SoundSource@sf@@QAEXM@Z) référencé dans la fonction _main
GeometryShooter.obj : error LNK2019: symbole externe non résolu "__declspec(dllimport) public: virtual void __thiscall sf::Sound::play(void)" (__imp_?play@Sound@sf@@UAEXXZ) référencé dans la fonction _main
C:\Users\julie\source\repos\Projet_C++_SFML\Git\Debug\GeometryShooter.exe : fatal error LNK1120: 9 externes non résolus
