C:\Program Files (x86)\Microsoft Visual Studio\2019\Community\MSBuild\Microsoft\VC\v160\Microsoft.CppBuild.targets(459,5): warning MSB8028: The intermediate directory (Release\) contains files shared from another project (TemplateSFML.vcxproj).  This can lead to incorrect clean and rebuild behavior.
  Archer.cpp
  Arena.cpp
D:\Projets\VS\TestArcher\TemplateSFML\Arena.h(4,10): warning C4067: jetons inattendus après la directive du préprocesseur - saut de ligne attendu
  Brique.cpp
D:\Projets\VS\TestArcher\TemplateSFML\Brique.cpp(6,33): warning C4244: 'argument' : conversion de 'int' en 'float', perte possible de données
D:\Projets\VS\TestArcher\TemplateSFML\Brique.cpp(6,30): warning C4244: 'argument' : conversion de 'int' en 'float', perte possible de données
D:\Projets\VS\TestArcher\TemplateSFML\Brique.cpp(9,60): warning C4244: 'argument' : conversion de 'int' en 'T', perte possible de données
          with
          [
              T=float
          ]
D:\Projets\VS\TestArcher\TemplateSFML\Brique.cpp(9,40): warning C4244: 'argument' : conversion de 'int' en 'T', perte possible de données
          with
          [
              T=float
          ]
D:\Projets\VS\TestArcher\TemplateSFML\Brique.cpp(11,47): warning C4244: 'argument' : conversion de 'int' en 'T', perte possible de données
          with
          [
              T=float
          ]
D:\Projets\VS\TestArcher\TemplateSFML\Brique.cpp(11,40): warning C4244: 'argument' : conversion de 'int' en 'T', perte possible de données
          with
          [
              T=float
          ]
  Character.cpp
  Enemy.cpp
D:\Projets\VS\TestArcher\TemplateSFML\Enemy.cpp(6,57): warning C4244: 'argument' : conversion de 'int' en 'T', perte possible de données
          with
          [
              T=float
          ]
D:\Projets\VS\TestArcher\TemplateSFML\Enemy.cpp(6,39): warning C4244: 'argument' : conversion de 'int' en 'T', perte possible de données
          with
          [
              T=float
          ]
D:\Projets\VS\TestArcher\TemplateSFML\Enemy.cpp(7,67): warning C4244: 'argument' : conversion de 'int' en 'float', perte possible de données
D:\Projets\VS\TestArcher\TemplateSFML\Enemy.cpp(7,45): warning C4244: 'argument' : conversion de 'int' en 'float', perte possible de données
  Game.cpp
D:\Projets\VS\TestArcher\TemplateSFML\Game.h(4,10): warning C4067: jetons inattendus après la directive du préprocesseur - saut de ligne attendu
D:\Projets\VS\TestArcher\TemplateSFML\Game.h(5,10): warning C4067: jetons inattendus après la directive du préprocesseur - saut de ligne attendu
D:\Projets\VS\TestArcher\TemplateSFML\Arena.h(4,10): warning C4067: jetons inattendus après la directive du préprocesseur - saut de ligne attendu
D:\Projets\VS\TestArcher\TemplateSFML\Game.h(6,10): warning C4067: jetons inattendus après la directive du préprocesseur - saut de ligne attendu
D:\Projets\VS\TestArcher\TemplateSFML\Game.cpp(19,12): warning C4244: 'argument' : conversion de 'time_t' en 'unsigned int', perte possible de données
D:\Projets\VS\TestArcher\TemplateSFML\Game.cpp(22,23): warning C4018: '<' : incompatibilité signed/unsigned
D:\Projets\VS\TestArcher\TemplateSFML\Game.cpp(26,24): warning C4018: '<' : incompatibilité signed/unsigned
D:\Projets\VS\TestArcher\TemplateSFML\Game.cpp(32,56): warning C4244: 'argument' : conversion de 'size_t' en 'T', perte possible de données
          with
          [
              T=float
          ]
D:\Projets\VS\TestArcher\TemplateSFML\Game.cpp(32,48): warning C4244: 'argument' : conversion de 'size_t' en 'T', perte possible de données
          with
          [
              T=float
          ]
D:\Projets\VS\TestArcher\TemplateSFML\Game.cpp(89,38): warning C4244: 'argument' : conversion de 'int' en 'float', perte possible de données
D:\Projets\VS\TestArcher\TemplateSFML\Game.cpp(89,35): warning C4244: 'argument' : conversion de 'int' en 'float', perte possible de données
D:\Projets\VS\TestArcher\TemplateSFML\Game.cpp(106,38): warning C4244: 'argument' : conversion de 'int' en 'float', perte possible de données
D:\Projets\VS\TestArcher\TemplateSFML\Game.cpp(106,35): warning C4244: 'argument' : conversion de 'int' en 'float', perte possible de données
  Player.cpp
D:\Projets\VS\TestArcher\TemplateSFML\Arena.h(4,10): warning C4067: jetons inattendus après la directive du préprocesseur - saut de ligne attendu
D:\Projets\VS\TestArcher\TemplateSFML\Player.cpp(9,85): warning C4244: 'argument' : conversion de 'int' en 'float', perte possible de données
D:\Projets\VS\TestArcher\TemplateSFML\Player.cpp(9,78): warning C4244: 'argument' : conversion de 'int' en 'float', perte possible de données
  Projectile.cpp
D:\Projets\VS\TestArcher\TemplateSFML\Projectile.cpp(16,14): warning C4244: 'initialisation' : conversion de 'double' en 'float', perte possible de données
D:\Projets\VS\TestArcher\TemplateSFML\Projectile.cpp(17,14): warning C4244: 'initialisation' : conversion de 'double' en 'float', perte possible de données
  TestArcher.cpp
D:\Projets\VS\TestArcher\TemplateSFML\Game.h(4,10): warning C4067: jetons inattendus après la directive du préprocesseur - saut de ligne attendu
D:\Projets\VS\TestArcher\TemplateSFML\Game.h(5,10): warning C4067: jetons inattendus après la directive du préprocesseur - saut de ligne attendu
D:\Projets\VS\TestArcher\TemplateSFML\Arena.h(4,10): warning C4067: jetons inattendus après la directive du préprocesseur - saut de ligne attendu
D:\Projets\VS\TestArcher\TemplateSFML\Game.h(6,10): warning C4067: jetons inattendus après la directive du préprocesseur - saut de ligne attendu
D:\Projets\VS\TestArcher\TemplateSFML\TestArcher.cpp(20,72): warning C4244: 'argument' : conversion de 'T' en 'T', perte possible de données
          with
          [
              T=unsigned int
          ]
          and
          [
              T=float
          ]
D:\Projets\VS\TestArcher\TemplateSFML\TestArcher.cpp(20,48): warning C4244: 'argument' : conversion de 'T' en 'T', perte possible de données
          with
          [
              T=unsigned int
          ]
          and
          [
              T=float
          ]
D:\Projets\VS\TestArcher\TemplateSFML\TestArcher.cpp(20,136): warning C4244: 'argument' : conversion de 'T' en 'T', perte possible de données
          with
          [
              T=unsigned int
          ]
          and
          [
              T=float
          ]
D:\Projets\VS\TestArcher\TemplateSFML\TestArcher.cpp(20,110): warning C4244: 'argument' : conversion de 'T' en 'T', perte possible de données
          with
          [
              T=unsigned int
          ]
          and
          [
              T=float
          ]
  Weapon.cpp
D:\Projets\VS\TestArcher\TemplateSFML\Arena.h(4,10): warning C4067: jetons inattendus après la directive du préprocesseur - saut de ligne attendu
  Zombie.cpp
D:\Projets\VS\TestArcher\TemplateSFML\Zombie.cpp(23,14): warning C4244: '=' : conversion de 'double' en 'float', perte possible de données
D:\Projets\VS\TestArcher\TemplateSFML\Zombie.cpp(39,14): warning C4244: '=' : conversion de 'double' en 'float', perte possible de données
  Génération de code en cours
  Previous IPDB not found, fall back to full compilation.
  All 295 functions were compiled because no usable IPDB/IOBJ from previous compilation was found.
  Fin de la génération du code
  TemplateSFML.vcxproj -> D:\Projets\VS\TestArcher\Release\TestArcher.exe
